<?xml version="1.0" encoding="UTF-8"?>
<!-- Generated by org.testng.reporters.JUnitReportReporter -->
<testsuite hostname="Nest" failures="0" tests="3" name="testCases.ItemPage" time="13.648" errors="0" timestamp="2020-06-05T14:06:51 CEST" skipped="0">
  <testcase classname="testCases.ItemPage" name="addToCartAndRemove" time="0.574"/>
  <system-out/>
  <testcase classname="testCases.ItemPage" name="login" time="12.697"/>
  <system-out/>
  <testcase classname="testCases.ItemPage" name="checkElementsVisibility" time="0.377"/>
  <system-out/>
</testsuite> <!-- testCases.ItemPage -->
