<?xml version="1.0" encoding="UTF-8"?>
<!-- Generated by org.testng.reporters.JUnitReportReporter -->
<testsuite hostname="Nest" failures="0" tests="3" name="testCases.MainPage" time="38.925" errors="0" timestamp="2020-06-04T23:31:58 CEST" skipped="0">
  <testcase classname="testCases.MainPage" name="sideMenuAbout" time="18.740"/>
  <system-out/>
  <testcase classname="testCases.MainPage" name="login" time="19.974"/>
  <system-out/>
  <testcase classname="testCases.MainPage" name="addingAndRemovingProductFromCart" time="0.211"/>
  <system-out/>
</testsuite> <!-- testCases.MainPage -->
