<?xml version="1.0" encoding="UTF-8"?>
<!-- Generated by org.testng.reporters.JUnitReportReporter -->
<testsuite hostname="Nest" failures="0" tests="7" name="testCases.Basket" time="22.741" errors="0" timestamp="2020-06-04T17:48:03 CEST" skipped="0">
  <testcase classname="testCases.Basket" name="checkoutNegativeScenarioAddressEmptyLastName" time="0.266"/>
  <system-out/>
  <testcase classname="testCases.Basket" name="checkElementsVisibility" time="1.163"/>
  <system-out/>
  <testcase classname="testCases.Basket" name="checkoutNegativeScenarioAddressAllFieldsLeftEmpty" time="0.137"/>
  <system-out/>
  <testcase classname="testCases.Basket" name="login" time="19.026"/>
  <system-out/>
  <testcase classname="testCases.Basket" name="checkoutNegativeScenarioAddressEmptyFirstName" time="0.264"/>
  <system-out/>
  <testcase classname="testCases.Basket" name="CheckoutFullPositiveScenario" time="1.593"/>
  <system-out/>
  <testcase classname="testCases.Basket" name="checkoutNegativeScenarioAddressEmptyPostCode" time="0.292"/>
  <system-out/>
</testsuite> <!-- testCases.Basket -->
