<?xml version="1.0" encoding="UTF-8"?>
<!-- Generated by org.testng.reporters.JUnitReportReporter -->
<testsuite hostname="Nest" failures="0" tests="8" name="testCases.BasketAndCheckout" time="20.190" errors="0" timestamp="2020-06-05T00:18:56 CEST" skipped="0">
  <testcase classname="testCases.BasketAndCheckout" name="checkoutNegativeScenarioAddressEmptyFirstName" time="0.273"/>
  <system-out/>
  <testcase classname="testCases.BasketAndCheckout" name="CheckoutFullPositiveScenario" time="1.264"/>
  <system-out/>
  <testcase classname="testCases.BasketAndCheckout" name="checkoutNegativeScenarioAddressEmptyLastName" time="0.266"/>
  <system-out/>
  <testcase classname="testCases.BasketAndCheckout" name="CancelCheckout" time="1.161"/>
  <system-out/>
  <testcase classname="testCases.BasketAndCheckout" name="checkoutNegativeScenarioAddressEmptyPostCode" time="0.287"/>
  <system-out/>
  <testcase classname="testCases.BasketAndCheckout" name="login" time="15.478"/>
  <system-out/>
  <testcase classname="testCases.BasketAndCheckout" name="checkElementsVisibility" time="1.315"/>
  <system-out/>
  <testcase classname="testCases.BasketAndCheckout" name="checkoutNegativeScenarioAddressAllFieldsLeftEmpty" time="0.146"/>
  <system-out/>
</testsuite> <!-- testCases.BasketAndCheckout -->
