<?xml version="1.0" encoding="UTF-8"?>
<!-- Generated by org.testng.reporters.JUnitReportReporter -->
<testsuite hostname="Nest" failures="0" tests="9" name="testCases.Authentication" time="14.498" errors="0" timestamp="2020-06-05T14:36:07 CEST" skipped="0">
  <testcase classname="testCases.Authentication" name="NegativeScenario3LoginWithInvalidUsernameAndPassword" time="0.317"/>
  <system-out/>
  <testcase classname="testCases.Authentication" name="PositiveScenario1LoginWithValidUsernameAndPassword" time="10.588"/>
  <system-out/>
  <testcase classname="testCases.Authentication" name="NegativeScenario6LeaveBothBlank" time="0.140"/>
  <system-out/>
  <testcase classname="testCases.Authentication" name="NegativeScenario1LoginWithInvalidUsername" time="2.034"/>
  <system-out/>
  <testcase classname="testCases.Authentication" name="PositiveScenario2LogOut" time="0.340"/>
  <system-out/>
  <testcase classname="testCases.Authentication" name="NegativeScenario5LeavePasswordBlank" time="0.213"/>
  <system-out/>
  <testcase classname="testCases.Authentication" name="NegativeScenario2LoginWithInvalidPassword" time="0.329"/>
  <system-out/>
  <testcase classname="testCases.Authentication" name="NegativeScenario7LockedUser" time="0.307"/>
  <system-out/>
  <testcase classname="testCases.Authentication" name="NegativeScenario4LeaveUsernameBlank" time="0.230"/>
  <system-out/>
</testsuite> <!-- testCases.Authentication -->
